<?xml version="1.0" encoding="UTF-8"?>
<coverage generated="1613407115053" clover="3.2.0">
  <project timestamp="1613407115054" name="All files">
    <metrics statements="39" coveredstatements="21" conditionals="10" coveredconditionals="5" methods="3" coveredmethods="3" elements="52" coveredelements="29" complexity="0" loc="39" ncloc="39" packages="1" files="1" classes="1"/>
    <file name="superComputer.ts" path="/home/xtiix/DEV/POC_Pool2021/SoftwarePool2021/POC_Software_Day01/src/superComputer.ts">
      <metrics statements="39" coveredstatements="21" conditionals="10" coveredconditionals="5" methods="3" coveredmethods="3"/>
      <line num="1" count="1" type="cond" truecount="2" falsecount="0"/>
      <line num="2" count="1" type="stmt"/>
      <line num="3" count="1" type="stmt"/>
      <line num="4" count="1" type="stmt"/>
      <line num="5" count="1" type="stmt"/>
      <line num="6" count="1" type="stmt"/>
      <line num="17" count="1" type="stmt"/>
      <line num="18" count="4" type="cond" truecount="1" falsecount="1"/>
      <line num="19" count="0" type="stmt"/>
      <line num="20" count="0" type="stmt"/>
      <line num="22" count="4" type="stmt"/>
      <line num="23" count="4" type="stmt"/>
      <line num="26" count="1" type="stmt"/>
      <line num="29" count="4" type="stmt"/>
      <line num="31" count="2" type="stmt"/>
      <line num="32" count="2" type="stmt"/>
      <line num="34" count="0" type="stmt"/>
      <line num="36" count="2" type="stmt"/>
      <line num="39" count="0" type="stmt"/>
      <line num="40" count="0" type="stmt"/>
      <line num="42" count="0" type="stmt"/>
      <line num="44" count="0" type="stmt"/>
      <line num="47" count="0" type="stmt"/>
      <line num="48" count="0" type="stmt"/>
      <line num="50" count="0" type="stmt"/>
      <line num="52" count="0" type="stmt"/>
      <line num="55" count="2" type="stmt"/>
      <line num="56" count="2" type="stmt"/>
      <line num="58" count="0" type="stmt"/>
      <line num="60" count="2" type="stmt"/>
      <line num="63" count="0" type="stmt"/>
      <line num="64" count="0" type="stmt"/>
      <line num="66" count="0" type="stmt"/>
      <line num="68" count="0" type="stmt"/>
      <line num="71" count="0" type="stmt"/>
      <line num="72" count="0" type="stmt"/>
      <line num="74" count="4" type="stmt"/>
      <line num="77" count="1" type="stmt"/>
      <line num="78" count="1" type="stmt"/>
    </file>
  </project>
</coverage>
