{"/home/xtiix/DEV/POC_Pool2021/SoftwarePool2021/POC_Software_Day01/src/superComputer.ts": {"path":"/home/xtiix/DEV/POC_Pool2021/SoftwarePool2021/POC_Software_Day01/src/superComputer.ts","statementMap":{"0":{"start":{"line":1,"column":0},"end":{"line":1,"column":null}},"1":{"start":{"line":2,"column":2},"end":{"line":2,"column":null}},"2":{"start":{"line":3,"column":2},"end":{"line":3,"column":null}},"3":{"start":{"line":4,"column":2},"end":{"line":4,"column":null}},"4":{"start":{"line":5,"column":2},"end":{"line":5,"column":null}},"5":{"start":{"line":6,"column":2},"end":{"line":6,"column":null}},"6":{"start":{"line":18,"column":2},"end":{"line":21,"column":null}},"7":{"start":{"line":19,"column":4},"end":{"line":19,"column":29}},"8":{"start":{"line":20,"column":4},"end":{"line":20,"column":15}},"9":{"start":{"line":22,"column":2},"end":{"line":22,"column":35}},"10":{"start":{"line":23,"column":2},"end":{"line":23,"column":16}},"11":{"start":{"line":17,"column":0},"end":{"line":17,"column":16}},"12":{"start":{"line":29,"column":2},"end":{"line":73,"column":null}},"13":{"start":{"line":31,"column":6},"end":{"line":35,"column":null}},"14":{"start":{"line":32,"column":8},"end":{"line":32,"column":24}},"15":{"start":{"line":34,"column":8},"end":{"line":34,"column":16}},"16":{"start":{"line":36,"column":6},"end":{"line":36,"column":12}},"17":{"start":{"line":39,"column":6},"end":{"line":43,"column":null}},"18":{"start":{"line":40,"column":8},"end":{"line":40,"column":24}},"19":{"start":{"line":42,"column":8},"end":{"line":42,"column":16}},"20":{"start":{"line":44,"column":6},"end":{"line":44,"column":12}},"21":{"start":{"line":47,"column":6},"end":{"line":51,"column":null}},"22":{"start":{"line":48,"column":8},"end":{"line":48,"column":24}},"23":{"start":{"line":50,"column":8},"end":{"line":50,"column":16}},"24":{"start":{"line":52,"column":6},"end":{"line":52,"column":12}},"25":{"start":{"line":55,"column":6},"end":{"line":59,"column":null}},"26":{"start":{"line":56,"column":8},"end":{"line":56,"column":24}},"27":{"start":{"line":58,"column":8},"end":{"line":58,"column":16}},"28":{"start":{"line":60,"column":6},"end":{"line":60,"column":12}},"29":{"start":{"line":63,"column":6},"end":{"line":67,"column":null}},"30":{"start":{"line":64,"column":8},"end":{"line":64,"column":24}},"31":{"start":{"line":66,"column":8},"end":{"line":66,"column":16}},"32":{"start":{"line":68,"column":6},"end":{"line":68,"column":12}},"33":{"start":{"line":71,"column":6},"end":{"line":71,"column":34}},"34":{"start":{"line":72,"column":6},"end":{"line":72,"column":15}},"35":{"start":{"line":74,"column":2},"end":{"line":74,"column":22}},"36":{"start":{"line":26,"column":0},"end":{"line":26,"column":16}},"37":{"start":{"line":77,"column":0},"end":{"line":77,"column":36}},"38":{"start":{"line":78,"column":0},"end":{"line":78,"column":37}}},"fnMap":{"0":{"name":"(anonymous_0)","decl":{"start":{"line":1,"column":0},"end":{"line":1,"column":5}},"loc":{"start":{"line":1,"column":13},"end":{"line":7,"column":1}}},"1":{"name":"callback","decl":{"start":{"line":17,"column":16},"end":{"line":17,"column":24}},"loc":{"start":{"line":17,"column":58},"end":{"line":24,"column":1}}},"2":{"name":"superComputer","decl":{"start":{"line":26,"column":16},"end":{"line":26,"column":29}},"loc":{"start":{"line":26,"column":72},"end":{"line":75,"column":1}}}},"branchMap":{"0":{"loc":{"start":{"line":1,"column":5},"end":{"line":1,"column":13}},"type":"binary-expr","locations":[{"start":{"line":1,"column":5},"end":{"line":1,"column":13}},{"start":{"line":1,"column":5},"end":{"line":1,"column":null}}]},"1":{"loc":{"start":{"line":18,"column":2},"end":{"line":21,"column":null}},"type":"if","locations":[{"start":{"line":18,"column":2},"end":{"line":21,"column":null}},{"start":{"line":18,"column":2},"end":{"line":21,"column":null}}]},"2":{"loc":{"start":{"line":30,"column":4},"end":{"line":37,"column":null}},"type":"switch","locations":[{"start":{"line":30,"column":4},"end":{"line":37,"column":null}},{"start":{"line":38,"column":4},"end":{"line":45,"column":null}},{"start":{"line":46,"column":4},"end":{"line":53,"column":null}},{"start":{"line":54,"column":4},"end":{"line":61,"column":null}},{"start":{"line":62,"column":4},"end":{"line":69,"column":null}},{"start":{"line":70,"column":4},"end":{"line":72,"column":15}}]}},"s":{"0":1,"1":1,"2":1,"3":1,"4":1,"5":1,"6":4,"7":0,"8":0,"9":4,"10":4,"11":1,"12":4,"13":2,"14":2,"15":0,"16":2,"17":0,"18":0,"19":0,"20":0,"21":0,"22":0,"23":0,"24":0,"25":2,"26":2,"27":0,"28":2,"29":0,"30":0,"31":0,"32":0,"33":0,"34":0,"35":4,"36":1,"37":1,"38":1},"f":{"0":1,"1":4,"2":4},"b":{"0":[1,1],"1":[0,4],"2":[2,0,0,2,0,0]}}
}
