TN:
SF:src/superComputer.ts
FN:1,(anonymous_0)
FN:17,callback
FN:26,superComputer
FNF:3
FNH:3
FNDA:1,(anonymous_0)
FNDA:4,callback
FNDA:4,superComputer
DA:1,1
DA:2,1
DA:3,1
DA:4,1
DA:5,1
DA:6,1
DA:17,1
DA:18,4
DA:19,0
DA:20,0
DA:22,4
DA:23,4
DA:26,1
DA:29,4
DA:31,2
DA:32,2
DA:34,0
DA:36,2
DA:39,0
DA:40,0
DA:42,0
DA:44,0
DA:47,0
DA:48,0
DA:50,0
DA:52,0
DA:55,2
DA:56,2
DA:58,0
DA:60,2
DA:63,0
DA:64,0
DA:66,0
DA:68,0
DA:71,0
DA:72,0
DA:74,4
DA:77,1
DA:78,1
LF:39
LH:21
BRDA:1,0,0,1
BRDA:1,0,1,1
BRDA:18,1,0,0
BRDA:18,1,1,4
BRDA:30,2,0,2
BRDA:30,2,1,0
BRDA:30,2,2,0
BRDA:30,2,3,2
BRDA:30,2,4,0
BRDA:30,2,5,0
BRF:10
BRH:5
end_of_record
